#
# There is insufficient memory for the Java Runtime Environment to continue.
# Native memory allocation (malloc) failed to allocate 1048576 bytes for AllocateHeap
# Possible reasons:
#   The system is out of physical RAM or swap space
#   In 32 bit mode, the process size limit was hit
# Possible solutions:
#   Reduce memory load on the system
#   Increase physical memory or swap space
#   Check if swap backing store is full
#   Use 64 bit Java on a 64 bit OS
#   Decrease Java heap size (-Xmx/-Xms)
#   Decrease number of Java threads
#   Decrease Java thread stack sizes (-Xss)
#   Set larger code cache with -XX:ReservedCodeCacheSize=
# This output file may be truncated or incomplete.
#
#  Out of Memory Error (memory/allocation.inline.hpp:61), pid=14812, tid=0x00000000000039ec
#
# JRE version:  (8.0_171-b11) (build )
# Java VM: Java HotSpot(TM) 64-Bit Server VM (25.171-b11 mixed mode windows-amd64 compressed oops)
# Failed to write core dump. Minidumps are not enabled by default on client versions of Windows
#

---------------  T H R E A D  ---------------

Current thread (0x00000000026be000):  JavaThread "Unknown thread" [_thread_in_vm, id=14828, stack(0x0000000002370000,0x0000000002470000)]

Stack: [0x0000000002370000,0x0000000002470000]
[error occurred during error reporting (printing stack bounds), id 0xc0000005]

Native frames: (J=compiled Java code, j=interpreted, Vv=VM code, C=native code)


---------------  P R O C E S S  ---------------

Java Threads: ( => current thread )

Other Threads:

=>0x00000000026be000 (exited) JavaThread "Unknown thread" [_thread_in_vm, id=14828, stack(0x0000000002370000,0x0000000002470000)]

VM state:not at safepoint (normal execution)

VM Mutex/Monitor currently owned by a thread: None

Heap:
 PSYoungGen      total 37888K, used 655K [0x00000000d6100000, 0x00000000d8b00000, 0x0000000100000000)
  eden space 32768K, 2% used [0x00000000d6100000,0x00000000d61a3d80,0x00000000d8100000)
  from space 5120K, 0% used [0x00000000d8600000,0x00000000d8600000,0x00000000d8b00000)
  to   space 5120K, 0% used [0x00000000d8100000,0x00000000d8100000,0x00000000d8600000)
 ParOldGen       total 86016K, used 0K [0x0000000082200000, 0x0000000087600000, 0x00000000d6100000)
  object space 86016K, 0% used [0x0000000082200000,0x0000000082200000,0x0000000087600000)
 Metaspace       used 750K, capacity 4480K, committed 4480K, reserved 1056768K
  class space    used 76K, capacity 384K, committed 384K, reserved 1048576K

Card table byte_map: [0x0000000011a80000,0x0000000011e70000] byte_map_base: 0x000000001166f000

Marking Bits: (ParMarkBitMap*) 0x000000006b3608c0
 Begin Bits: [0x0000000012910000, 0x0000000014888000)
 End Bits:   [0x0000000014888000, 0x0000000016800000)

Polling page: 0x00000000007d0000

CodeCache: size=245760Kb used=328Kb max_used=328Kb free=245431Kb
 bounds [0x00000000026c0000, 0x0000000002930000, 0x00000000116c0000]
 total_blobs=58 nmethods=0 adapters=38
 compilation: enabled

Compilation events (0 events):
No events

GC Heap History (0 events):
No events

Deoptimization events (0 events):
No events

Classes redefined (0 events):
No events

Internal exceptions (0 events):
No events

Events (10 events):
Event: 0.123 loading class java/lang/Short
Event: 0.123 loading class java/lang/Short done
Event: 0.123 loading class java/lang/Integer
Event: 0.123 loading class java/lang/Integer done
Event: 0.123 loading class java/lang/Long
Event: 0.123 loading class java/lang/Long done
Event: 0.124 loading class java/lang/NullPointerException
Event: 0.124 loading class java/lang/NullPointerException done
Event: 0.124 loading class java/lang/ArithmeticException
Event: 0.124 loading class java/lang/ArithmeticException done


Dynamic libraries:
0x00007ff7ec180000 - 0x00007ff7ec1b7000 	C:\Program Files\Java\jre1.8.0_171\bin\javaw.exe
0x00007ffa37770000 - 0x00007ffa3795d000 	C:\WINDOWS\SYSTEM32\ntdll.dll
0x00007ffa34ab0000 - 0x00007ffa34b63000 	C:\WINDOWS\System32\KERNEL32.DLL
0x00007ffa34580000 - 0x00007ffa34813000 	C:\WINDOWS\System32\KERNELBASE.dll
0x00007ffa35cf0000 - 0x00007ffa35d93000 	C:\WINDOWS\System32\ADVAPI32.dll
0x00007ffa350e0000 - 0x00007ffa3517e000 	C:\WINDOWS\System32\msvcrt.dll
0x00007ffa34d10000 - 0x00007ffa34dae000 	C:\WINDOWS\System32\sechost.dll
0x00007ffa35b90000 - 0x00007ffa35cb2000 	C:\WINDOWS\System32\RPCRT4.dll
0x00007ffa35da0000 - 0x00007ffa35f37000 	C:\WINDOWS\System32\USER32.dll
0x00007ffa33860000 - 0x00007ffa33880000 	C:\WINDOWS\System32\win32u.dll
0x00007ffa35cc0000 - 0x00007ffa35ce9000 	C:\WINDOWS\System32\GDI32.dll
0x00007ffa34200000 - 0x00007ffa3439a000 	C:\WINDOWS\System32\gdi32full.dll
0x00007ffa33980000 - 0x00007ffa33a20000 	C:\WINDOWS\System32\msvcp_win.dll
0x00007ffa33880000 - 0x00007ffa3397c000 	C:\WINDOWS\System32\ucrtbase.dll
0x00007ffa19ae0000 - 0x00007ffa19d59000 	C:\WINDOWS\WinSxS\amd64_microsoft.windows.common-controls_6595b64144ccf1df_6.0.17763.316_none_05b53be2071f46b6\COMCTL32.dll
0x00007ffa35610000 - 0x00007ffa3593d000 	C:\WINDOWS\System32\combase.dll
0x00007ffa34820000 - 0x00007ffa3489e000 	C:\WINDOWS\System32\bcryptPrimitives.dll
0x00007ffa34a80000 - 0x00007ffa34aae000 	C:\WINDOWS\System32\IMM32.DLL
0x000000006a670000 - 0x000000006a742000 	C:\Program Files\Java\jre1.8.0_171\bin\msvcr100.dll
0x000000006ab40000 - 0x000000006b3e0000 	C:\Program Files\Java\jre1.8.0_171\bin\server\jvm.dll
0x00007ffa35b80000 - 0x00007ffa35b88000 	C:\WINDOWS\System32\PSAPI.DLL
0x00007ffa20c90000 - 0x00007ffa20c99000 	C:\WINDOWS\SYSTEM32\WSOCK32.dll
0x00007ffa21820000 - 0x00007ffa21844000 	C:\WINDOWS\SYSTEM32\WINMM.dll
0x00007ffa2ad20000 - 0x00007ffa2ad2a000 	C:\WINDOWS\SYSTEM32\VERSION.dll
0x00007ffa34b70000 - 0x00007ffa34bdd000 	C:\WINDOWS\System32\WS2_32.dll
0x00007ffa21640000 - 0x00007ffa2166d000 	C:\WINDOWS\SYSTEM32\winmmbase.dll
0x00007ffa34950000 - 0x00007ffa3499a000 	C:\WINDOWS\System32\cfgmgr32.dll
0x000000006bb80000 - 0x000000006bb8f000 	C:\Program Files\Java\jre1.8.0_171\bin\verify.dll
0x000000006bb50000 - 0x000000006bb79000 	C:\Program Files\Java\jre1.8.0_171\bin\java.dll
0x000000006bb30000 - 0x000000006bb46000 	C:\Program Files\Java\jre1.8.0_171\bin\zip.dll

VM Arguments:
jvm_args: -Dfile.encoding=Cp1252 
java_command: Main
java_class_path (initial): C:\Program Files\Java\jre1.8.0_171\lib\resources.jar;C:\Program Files\Java\jre1.8.0_171\lib\rt.jar;C:\Program Files\Java\jre1.8.0_171\lib\jsse.jar;C:\Program Files\Java\jre1.8.0_171\lib\jce.jar;C:\Program Files\Java\jre1.8.0_171\lib\charsets.jar;C:\Program Files\Java\jre1.8.0_171\lib\jfr.jar;C:\Program Files\Java\jre1.8.0_171\lib\ext\access-bridge-64.jar;C:\Program Files\Java\jre1.8.0_171\lib\ext\cldrdata.jar;C:\Program Files\Java\jre1.8.0_171\lib\ext\dnsns.jar;C:\Program Files\Java\jre1.8.0_171\lib\ext\dns_sd.jar;C:\Program Files\Java\jre1.8.0_171\lib\ext\jaccess.jar;C:\Program Files\Java\jre1.8.0_171\lib\ext\jfxrt.jar;C:\Program Files\Java\jre1.8.0_171\lib\ext\localedata.jar;C:\Program Files\Java\jre1.8.0_171\lib\ext\nashorn.jar;C:\Program Files\Java\jre1.8.0_171\lib\ext\sunec.jar;C:\Program Files\Java\jre1.8.0_171\lib\ext\sunjce_provider.jar;C:\Program Files\Java\jre1.8.0_171\lib\ext\sunmscapi.jar;C:\Program Files\Java\jre1.8.0_171\lib\ext\sunpkcs11.jar;C:\Program Files\Java\jre1.8.0_171\lib\ext\zipfs.jar;C:\Users\aman0\git\soen_6441_riskgame19feb\SOEN_6441_RiskGame\bin
Launcher Type: SUN_STANDARD

Environment Variables:
PATH=C:/Program Files/Java/jre1.8.0_171/bin/server;C:/Program Files/Java/jre1.8.0_171/bin;C:/Program Files/Java/jre1.8.0_171/lib/amd64;C:\Program Files (x86)\Common Files\Oracle\Java\javapath;C:\Program Files (x86)\Intel\iCLS Client\;C:\Program Files\Intel\iCLS Client\;C:\WINDOWS\system32;C:\WINDOWS;C:\WINDOWS\System32\Wbem;C:\WINDOWS\System32\WindowsPowerShell\v1.0\;C:\Program Files (x86)\Intel\Intel(R) Management Engine Components\DAL;C:\Program Files\Intel\Intel(R) Management Engine Components\DAL;C:\Program Files (x86)\Intel\Intel(R) Management Engine Components\IPT;C:\Program Files\Intel\Intel(R) Management Engine Components\IPT;C:\WINDOWS\System32\OpenSSH\;C:\Program Files\Intel\WiFi\bin\;C:\Program Files\Common Files\Intel\WirelessCommon\;C:\Program Files\Git\cmd;C:\Users\aman0\AppData\Local\Programs\Python\Python36-32\Scripts\;C:\Users\aman0\AppData\Local\Programs\Python\Python36-32\;C:\Users\aman0\AppData\Local\Microsoft\WindowsApps;C:\Program Files\erl9.3\bin;;C:\WINDOWS\system32;
USERNAME=aman0
OS=Windows_NT
PROCESSOR_IDENTIFIER=Intel64 Family 6 Model 142 Stepping 10, GenuineIntel



---------------  S Y S T E M  ---------------

OS: Windows 10.0 , 64 bit Build 17763 (10.0.17763.292)

CPU:total 8 (initial active 8) (4 cores per cpu, 2 threads per core) family 6 model 142 stepping 10, cmov, cx8, fxsr, mmx, sse, sse2, sse3, ssse3, sse4.1, sse4.2, popcnt, avx, avx2, aes, clmul, erms, 3dnowpref, lzcnt, ht, tsc, tscinvbit, bmi1, bmi2, adx

Memory: 4k page, physical 8242300k(1099608k free), swap 33408124k(5716k free)

vm_info: Java HotSpot(TM) 64-Bit Server VM (25.171-b11) for windows-amd64 JRE (1.8.0_171-b11), built on Mar 28 2018 16:06:12 by "java_re" with MS VC++ 10.0 (VS2010)

time: Tue Feb 19 10:41:24 2019
elapsed time: 0 seconds (0d 0h 0m 0s)

